TN:
SF:src/router.ts
FN:27,(anonymous_0)
FN:44,(anonymous_1)
FNF:2
FNH:2
FNDA:3,(anonymous_0)
FNDA:5,(anonymous_1)
DA:1,2
DA:2,2
DA:3,2
DA:4,2
DA:6,2
DA:9,2
DA:10,2
DA:20,2
DA:27,3
DA:34,2
DA:44,5
DA:53,2
DA:61,2
DA:69,2
LF:14
LH:14
BRF:0
BRH:0
end_of_record
TN:
SF:src/server.ts
FN:7,connectDB
FN:26,(anonymous_2)
FNF:2
FNH:2
FNDA:1,connectDB
FNDA:1,(anonymous_2)
DA:1,2
DA:2,2
DA:3,2
DA:4,2
DA:7,2
DA:8,1
DA:9,1
DA:10,1
DA:14,0
DA:19,2
DA:22,2
DA:24,2
DA:26,2
DA:27,1
DA:30,2
LF:15
LH:14
BRF:0
BRH:0
end_of_record
TN:
SF:src/config/db.ts
FNF:0
FNH:0
DA:1,2
DA:2,2
DA:3,2
DA:5,2
DA:10,2
LF:5
LH:5
BRF:0
BRH:0
end_of_record
TN:
SF:src/handlers/product.ts
FN:4,(anonymous_1)
FN:14,(anonymous_2)
FN:27,(anonymous_3)
FN:32,(anonymous_4)
FN:49,(anonymous_5)
FN:67,(anonymous_6)
FNF:6
FNH:5
FNDA:2,(anonymous_1)
FNDA:2,(anonymous_2)
FNDA:1,(anonymous_3)
FNDA:2,(anonymous_4)
FNDA:0,(anonymous_5)
FNDA:3,(anonymous_6)
DA:2,2
DA:4,2
DA:5,2
DA:11,2
DA:14,2
DA:15,2
DA:16,2
DA:18,2
DA:19,1
DA:24,1
DA:27,2
DA:28,1
DA:29,1
DA:32,2
DA:33,2
DA:34,2
DA:36,2
DA:37,1
DA:43,1
DA:44,1
DA:46,1
DA:49,2
DA:50,0
DA:51,0
DA:53,0
DA:54,0
DA:60,0
DA:61,0
DA:64,0
DA:67,2
DA:68,3
DA:69,3
DA:71,3
DA:72,2
DA:77,1
DA:78,1
LF:36
LH:29
BRDA:18,0,0,1
BRDA:18,0,1,1
BRDA:36,1,0,1
BRDA:36,1,1,1
BRDA:53,2,0,0
BRDA:53,2,1,0
BRDA:71,3,0,2
BRDA:71,3,1,1
BRF:8
BRH:6
end_of_record
TN:
SF:src/middleware/index.ts
FN:4,(anonymous_0)
FNF:1
FNH:1
FNDA:16,(anonymous_0)
DA:2,2
DA:4,2
DA:6,16
DA:7,16
DA:9,8
DA:11,8
LF:6
LH:6
BRDA:7,0,0,8
BRDA:7,0,1,8
BRF:2
BRH:2
end_of_record
TN:
SF:src/models/Product.model.ts
FNF:0
FNH:0
DA:1,2
DA:7,2
DA:11,2
DA:16,2
DA:22,2
DA:24,2
LF:6
LH:6
BRF:0
BRH:0
end_of_record
